d:\programs\git\marvelengine\game\debug\marvelengine.pch
d:\programs\git\marvelengine\game\debug\vc141.pdb
d:\programs\git\marvelengine\game\debug\vc141.idb
d:\programs\git\marvelengine\game\debug\stdafx.obj
d:\programs\git\marvelengine\game\debug\utilities.obj
d:\programs\git\marvelengine\game\debug\marvelengine.obj
d:\programs\git\marvelengine\game\debug\marvelengine.ilk
d:\programs\git\marvelengine\game\debug\marvelengine.exe
d:\programs\git\marvelengine\game\debug\marvelengine.pdb
d:\programs\git\marvelengine\game\debug\marvelengine.res
d:\programs\git\marvelengine\source\..\game\debug\marvelengine.exe
d:\programs\git\marvelengine\source\debug\marvelengine.tlog\cl.command.1.tlog
d:\programs\git\marvelengine\source\debug\marvelengine.tlog\cl.read.1.tlog
d:\programs\git\marvelengine\source\debug\marvelengine.tlog\cl.write.1.tlog
d:\programs\git\marvelengine\source\debug\marvelengine.tlog\link.command.1.tlog
d:\programs\git\marvelengine\source\debug\marvelengine.tlog\link.read.1.tlog
d:\programs\git\marvelengine\source\debug\marvelengine.tlog\link.write.1.tlog
d:\programs\git\marvelengine\source\debug\marvelengine.tlog\rc.command.1.tlog
d:\programs\git\marvelengine\source\debug\marvelengine.tlog\rc.read.1.tlog
d:\programs\git\marvelengine\source\debug\marvelengine.tlog\rc.write.1.tlog
